<?xml version="1.0" encoding="UTF-8"?>
<testsuite name="io.krukm.model.VendingMachineTest" tests="1" skipped="0" failures="0" errors="0" timestamp="2017-10-05T17:55:24" hostname="Matthews-MacBook-Pro.local" time="0.0">
  <properties/>
  <testcase name="whenEncounteringIdleVendingMachineDisplayShouldGiveInstructionToInsertCoin" classname="io.krukm.model.VendingMachineTest" time="0.0"/>
  <system-out><![CDATA[]]></system-out>
  <system-err><![CDATA[]]></system-err>
</testsuite>
