<?xml version="1.0" encoding="UTF-8"?>
<testsuite name="io.krukm.model.InventoryTest" tests="11" skipped="0" failures="0" errors="0" timestamp="2017-10-05T17:52:07" hostname="Matthews-MacBook-Pro.local" time="0.002">
  <properties/>
  <testcase name="whenInventoryIsStockedTenProductOneAreAdded" classname="io.krukm.model.InventoryTest" time="0.0"/>
  <testcase name="whenInventoryIsStockedTenProductThreeAreAdded" classname="io.krukm.model.InventoryTest" time="0.001"/>
  <testcase name="whenInventoryIsStockedTenProductTwoAreAdded" classname="io.krukm.model.InventoryTest" time="0.0"/>
  <testcase name="getCurrentProductOneStockWithGetProductStock" classname="io.krukm.model.InventoryTest" time="0.0"/>
  <testcase name="whenProductIsNotInStockReturnFalse" classname="io.krukm.model.InventoryTest" time="0.001"/>
  <testcase name="whenProductTwoIsCalledPullProductTwoFromProductStack" classname="io.krukm.model.InventoryTest" time="0.0"/>
  <testcase name="whenProductOneIsCalledPullProductOneFromProductOneStack" classname="io.krukm.model.InventoryTest" time="0.0"/>
  <testcase name="getCurrentProductTwoStockWithGetProductStock" classname="io.krukm.model.InventoryTest" time="0.0"/>
  <testcase name="whenProductThreeIsCalledPullProductThreeFromProductThreeStack" classname="io.krukm.model.InventoryTest" time="0.0"/>
  <testcase name="getCurrentProductThreeStockWithGetProductStock" classname="io.krukm.model.InventoryTest" time="0.0"/>
  <testcase name="whenProductIsInStockReturnTrue" classname="io.krukm.model.InventoryTest" time="0.0"/>
  <system-out><![CDATA[]]></system-out>
  <system-err><![CDATA[]]></system-err>
</testsuite>
