<?xml version="1.0" encoding="UTF-8"?>
<testsuite name="io.krukm.model.InventoryTest" tests="11" skipped="0" failures="0" errors="0" timestamp="2017-10-05T17:41:43" hostname="Matthews-MacBook-Pro.local" time="0.004">
  <properties/>
  <testcase name="getCurrentColaStockWithGetProductStock" classname="io.krukm.model.InventoryTest" time="0.001"/>
  <testcase name="whenInventoryIsStockedTenCandiesAreAdded" classname="io.krukm.model.InventoryTest" time="0.0"/>
  <testcase name="getCurrentChipStockWithGetProductStock" classname="io.krukm.model.InventoryTest" time="0.0"/>
  <testcase name="whenColaIsCalledPullColaFromColaStack" classname="io.krukm.model.InventoryTest" time="0.001"/>
  <testcase name="whenInventoryIsStockedTenChipsAreAdded" classname="io.krukm.model.InventoryTest" time="0.0"/>
  <testcase name="whenProductIsNotInStockReturnFalse" classname="io.krukm.model.InventoryTest" time="0.0"/>
  <testcase name="whenChipsIsCalledPullChipsFromChipStack" classname="io.krukm.model.InventoryTest" time="0.0"/>
  <testcase name="getCurrentCandyStockWithGetProductStock" classname="io.krukm.model.InventoryTest" time="0.0"/>
  <testcase name="whenCandyIsCalledPullCandyFromCandyStack" classname="io.krukm.model.InventoryTest" time="0.0"/>
  <testcase name="whenInventoryIsStockedTenColasAreAdded" classname="io.krukm.model.InventoryTest" time="0.0"/>
  <testcase name="whenProductIsInStockReturnTrue" classname="io.krukm.model.InventoryTest" time="0.0"/>
  <system-out><![CDATA[]]></system-out>
  <system-err><![CDATA[]]></system-err>
</testsuite>
