<?xml version="1.0" encoding="UTF-8"?>
<testsuite name="io.krukm.model.VendingMachineTest" tests="5" skipped="0" failures="0" errors="0" timestamp="2017-10-05T18:05:28" hostname="Matthews-MacBook-Pro.local" time="0.002">
  <properties/>
  <testcase name="whenPurchaseIsAbortedReturnInsertedCoins" classname="io.krukm.model.VendingMachineTest" time="0.001"/>
  <testcase name="whenInsertedCoinsShouldBeAddedToTemporaryHoldUntilProductSelected" classname="io.krukm.model.VendingMachineTest" time="0.0"/>
  <testcase name="whenInsertingCoinsDisplayShouldShowTotalAmountInsertedSoFar" classname="io.krukm.model.VendingMachineTest" time="0.0"/>
  <testcase name="whenProductSelectedCheckIfEnoughCoinsInsertedToPurchase" classname="io.krukm.model.VendingMachineTest" time="0.0"/>
  <testcase name="whenEncounteringIdleVendingMachineDisplayShouldGiveInstructionToInsertCoin" classname="io.krukm.model.VendingMachineTest" time="0.0"/>
  <system-out><![CDATA[]]></system-out>
  <system-err><![CDATA[]]></system-err>
</testsuite>
